2019-08-30 09:38:01	CO2-nanobureau
http://nsapi-staging.pando2.fr:80/sensors/values	"OK"
2019-08-30 09:38:02	CO2-nanobureau
http://nsapi-staging.pando2.fr:80/sensors/values	"OK"
2019-08-30 09:38:02	CO2-nanobureau
http://nsapi-staging.pando2.fr:80/sensors/values	"OK"
2019-08-30 09:38:02	PM-nanobureau
http://nsapi-staging.pando2.fr:80/sensors/values	"OK"
2019-08-30 09:38:02	PM-nanobureau
http://nsapi-staging.pando2.fr:80/sensors/values	"OK"
2019-08-30 09:38:02	PM-nanobureau
http://nsapi-staging.pando2.fr:80/sensors/values	"OK"
2019-08-30 09:38:02	COV-nanobureau
http://nsapi-staging.pando2.fr:80/sensors/values	"OK"
2019-08-30 09:38:02	accueil_nano
http://nsapi-staging.pando2.fr:80/sensors/values	"OK"
2019-08-30 09:38:02	accueil_nano
http://nsapi-staging.pando2.fr:80/sensors/values	"OK"
2019-08-30 09:38:02	accueil_nano
http://nsapi-staging.pando2.fr:80/sensors/values	"OK"
